<?xml version="1.0" encoding="UTF-8"?>
<testng-results ignored="0" total="0" passed="0" failed="0" skipped="0">
  <reporter-output>
  </reporter-output>
  <suite started-at="2022-05-25T19:32:02 AEST" name="Surefire suite" finished-at="2022-05-25T19:32:22 AEST" duration-ms="19698">
    <groups>
    </groups>
    <test started-at="2022-05-25T19:32:02 AEST" name="Surefire test" finished-at="2022-05-25T19:32:22 AEST" duration-ms="19698">
    </test> <!-- Surefire test -->
  </suite> <!-- Surefire suite -->
</testng-results>
