<?xml version="1.0" encoding="UTF-8"?>
<testng-results ignored="0" total="1" passed="1" failed="0" skipped="0">
  <reporter-output>
  </reporter-output>
  <suite started-at="2022-05-25T19:31:45 AEST" name="Surefire suite" finished-at="2022-05-25T19:32:02 AEST" duration-ms="16730">
    <groups>
    </groups>
    <test started-at="2022-05-25T19:31:45 AEST" name="Surefire test" finished-at="2022-05-25T19:32:02 AEST" duration-ms="16730">
      <class name="POMTests.TC01_GooglePagrTest">
        <test-method is-config="true" signature="startingBrowser()[pri:0, instance:POMTests.TC01_GooglePagrTest@20d28811]" started-at="2022-05-25T19:31:45 AEST" name="startingBrowser" finished-at="2022-05-25T19:31:53 AEST" duration-ms="8095" status="PASS">
          <reporter-output>
          </reporter-output>
        </test-method> <!-- startingBrowser -->
        <test-method signature="Googlepage()[pri:0, instance:POMTests.TC01_GooglePagrTest@20d28811]" started-at="2022-05-25T19:31:54 AEST" name="Googlepage" finished-at="2022-05-25T19:32:01 AEST" duration-ms="7819" status="PASS">
          <reporter-output>
          </reporter-output>
        </test-method> <!-- Googlepage -->
        <test-method is-config="true" signature="Teardown()[pri:0, instance:POMTests.TC01_GooglePagrTest@20d28811]" started-at="2022-05-25T19:32:01 AEST" name="Teardown" finished-at="2022-05-25T19:32:02 AEST" duration-ms="743" status="PASS">
          <reporter-output>
          </reporter-output>
        </test-method> <!-- Teardown -->
      </class> <!-- POMTests.TC01_GooglePagrTest -->
    </test> <!-- Surefire test -->
  </suite> <!-- Surefire suite -->
</testng-results>
